Using pre-set license

 COMMAND LINE ARGUMENTS:
/Users/kerryoo/2020.3.5f1/Unity.app/Contents/MacOS/Unity
-adb2
-batchMode
-noUpm
-name
AssetImportWorker0
-projectPath
/Users/kerryoo/cloud-cafe
-logFile
Logs/AssetImportWorker0.log
-srvPort
60205
Successfully changed project path to: /Users/kerryoo/cloud-cafe
/Users/kerryoo/cloud-cafe
Using Asset Import Pipeline V2.
Refreshing native plugins compatible for Editor in 19.54 ms, found 1 plugins.
Preloading 0 native plugins for Editor in 0.00 ms.
Initialize engine version: 2020.3.5f1 (8095aa901b9b)
[Subsystems] Discovering subsystems at path /Users/kerryoo/2020.3.5f1/Unity.app/Contents/Resources/UnitySubsystems
[Subsystems] Discovering subsystems at path /Users/kerryoo/cloud-cafe/Assets
GfxDevice: creating device client; threaded=0
2021-05-13 14:36:03.894 Unity[57636:1163614] Color LCD preferred device: AMD Radeon Pro Vega 16 (high power)
2021-05-13 14:36:03.894 Unity[57636:1163614] Metal devices available: 2
2021-05-13 14:36:03.894 Unity[57636:1163614] 0: AMD Radeon Pro Vega 16 (high power)
2021-05-13 14:36:03.894 Unity[57636:1163614] 1: Intel(R) UHD Graphics 630 (low power)
2021-05-13 14:36:03.895 Unity[57636:1163614] Using device AMD Radeon Pro Vega 16 (high power)
Initializing Metal device caps: AMD Radeon Pro Vega 16
Initialize mono
Mono path[0] = '/Users/kerryoo/2020.3.5f1/Unity.app/Contents/Managed'
Mono path[1] = '/Users/kerryoo/2020.3.5f1/Unity.app/Contents/MonoBleedingEdge/lib/mono/unityjit'
Mono config path = '/Users/kerryoo/2020.3.5f1/Unity.app/Contents/MonoBleedingEdge/etc'
Using monoOptions --debugger-agent=transport=dt_socket,embedding=1,server=y,suspend=n,address=127.0.0.1:56636
Begin MonoManager ReloadAssembly
Registering precompiled unity dll's ...
Register platform support module: /Users/kerryoo/2020.3.5f1/Unity.app/Contents/PlaybackEngines/MacStandaloneSupport/UnityEditor.OSXStandalone.Extensions.dll
Registered in 0.000435 seconds.
Native extension for OSXStandalone target not found
Refreshing native plugins compatible for Editor in 19.69 ms, found 1 plugins.
Preloading 0 native plugins for Editor in 0.00 ms.
Mono: successfully reloaded assembly
- Completed reload, in  1.931 seconds
Platform modules already initialized, skipping
Registering precompiled user dll's ...
Registered in 0.000258 seconds.
Begin MonoManager ReloadAssembly
Native extension for OSXStandalone target not found
Refreshing native plugins compatible for Editor in 0.23 ms, found 1 plugins.
Preloading 0 native plugins for Editor in 0.00 ms.
Mono: successfully reloaded assembly
- Completed reload, in  0.959 seconds
Platform modules already initialized, skipping
========================================================================
Worker process is ready to serve import requests
Launching external process: /Users/kerryoo/2020.3.5f1/Unity.app/Contents/Tools/UnityShaderCompiler
Launched and connected shader compiler UnityShaderCompiler after 0.01 seconds
Refreshing native plugins compatible for Editor in 0.19 ms, found 1 plugins.
Preloading 0 native plugins for Editor in 0.00 ms.
Unloading 1115 Unused Serialized files (Serialized files now loaded: 0)
System memory in use before: 124.0 MB.
System memory in use after: 124.1 MB.

Unloading 10 unused Assets to reduce memory usage. Loaded Objects now: 1557.
Total: 1.812584 ms (FindLiveObjects: 0.155568 ms CreateObjectMapping: 0.040442 ms MarkObjects: 1.532994 ms  DeleteObjects: 0.082712 ms)

========================================================================
Received Import Request.
  path: Assets/Packages
  artifactKey: Guid(99e41678770bf4506803a5fb62b1f099) Importer(815301076,1909f56bfc062723c751e8b465ee728b)
Start importing Assets/Packages using Guid(99e41678770bf4506803a5fb62b1f099) Importer(815301076,1909f56bfc062723c751e8b465ee728b)  -> (artifact id: '8aad71b859109d054c655b4b16584e0d') in 0.003516 seconds
  Import took 0.005609 seconds .

========================================================================
Received Import Request.
  Time since last request: 31.340272 seconds.
  path: Assets/PLugins
  artifactKey: Guid(99e41678770bf4506803a5fb62b1f099) Importer(815301076,1909f56bfc062723c751e8b465ee728b)
Start importing Assets/PLugins using Guid(99e41678770bf4506803a5fb62b1f099) Importer(815301076,1909f56bfc062723c751e8b465ee728b)  -> (artifact id: 'ce4a09b546bf4fa64a5b073bf49172a5') in 0.000707 seconds
  Import took 0.003301 seconds .

========================================================================
Received Import Request.
  Time since last request: 6.198783 seconds.
  path: Assets/Plugins
  artifactKey: Guid(99e41678770bf4506803a5fb62b1f099) Importer(815301076,1909f56bfc062723c751e8b465ee728b)
Start importing Assets/Plugins using Guid(99e41678770bf4506803a5fb62b1f099) Importer(815301076,1909f56bfc062723c751e8b465ee728b)  -> (artifact id: '2f09475ed9f7996735f076dd60f5136f') in 0.001084 seconds
  Import took 0.004402 seconds .

========================================================================
Received Prepare
Registering precompiled user dll's ...
Registered in 0.000498 seconds.
Begin MonoManager ReloadAssembly
Native extension for OSXStandalone target not found
Refreshing native plugins compatible for Editor in 0.19 ms, found 2 plugins.
Preloading 0 native plugins for Editor in 0.00 ms.
Mono: successfully reloaded assembly
- Completed reload, in  0.847 seconds
Platform modules already initialized, skipping
Refreshing native plugins compatible for Editor in 0.20 ms, found 2 plugins.
Preloading 0 native plugins for Editor in 0.00 ms.
Unloading 1113 Unused Serialized files (Serialized files now loaded: 0)
System memory in use before: 124.7 MB.
System memory in use after: 124.8 MB.

Unloading 8 unused Assets to reduce memory usage. Loaded Objects now: 1560.
Total: 1.528133 ms (FindLiveObjects: 0.130302 ms CreateObjectMapping: 0.031640 ms MarkObjects: 1.321133 ms  DeleteObjects: 0.044255 ms)

========================================================================
Received Prepare
Registering precompiled user dll's ...
Registered in 0.000549 seconds.
Begin MonoManager ReloadAssembly
Native extension for OSXStandalone target not found
Refreshing native plugins compatible for Editor in 0.21 ms, found 2 plugins.
Preloading 0 native plugins for Editor in 0.00 ms.
Mono: successfully reloaded assembly
- Completed reload, in  0.876 seconds
Platform modules already initialized, skipping
Refreshing native plugins compatible for Editor in 0.15 ms, found 2 plugins.
Preloading 0 native plugins for Editor in 0.00 ms.
Unloading 1114 Unused Serialized files (Serialized files now loaded: 0)
System memory in use before: 125.0 MB.
System memory in use after: 125.1 MB.

Unloading 9 unused Assets to reduce memory usage. Loaded Objects now: 1563.
Total: 1.333451 ms (FindLiveObjects: 0.177443 ms CreateObjectMapping: 0.036708 ms MarkObjects: 1.072267 ms  DeleteObjects: 0.046336 ms)

========================================================================
Received Prepare
Registering precompiled user dll's ...
Registered in 0.000760 seconds.
Begin MonoManager ReloadAssembly
Native extension for OSXStandalone target not found
Refreshing native plugins compatible for Editor in 0.22 ms, found 2 plugins.
Preloading 0 native plugins for Editor in 0.00 ms.
Mono: successfully reloaded assembly
- Completed reload, in  0.875 seconds
Platform modules already initialized, skipping
Refreshing native plugins compatible for Editor in 0.17 ms, found 2 plugins.
Preloading 0 native plugins for Editor in 0.00 ms.
Unloading 1115 Unused Serialized files (Serialized files now loaded: 0)
System memory in use before: 126.1 MB.
System memory in use after: 126.2 MB.

Unloading 10 unused Assets to reduce memory usage. Loaded Objects now: 1566.
Total: 1.478538 ms (FindLiveObjects: 0.225587 ms CreateObjectMapping: 0.037349 ms MarkObjects: 1.161764 ms  DeleteObjects: 0.052310 ms)

========================================================================
Received Import Request.
  Time since last request: 63.638090 seconds.
  path: Assets/Plugins/System.Runtime.CompilerServices.Unsafe.dll
  artifactKey: Guid(713002dedac7e469cac0c7d55e8a39ab) Importer(815301076,1909f56bfc062723c751e8b465ee728b)
Start importing Assets/Plugins/System.Runtime.CompilerServices.Unsafe.dll using Guid(713002dedac7e469cac0c7d55e8a39ab) Importer(815301076,1909f56bfc062723c751e8b465ee728b)  -> (artifact id: 'ebcae029dd1fd237312c47d92620ecde') in 0.378889 seconds
  Import took 0.381472 seconds .

========================================================================
Received Import Request.
  Time since last request: 0.342628 seconds.
  path: Assets/Plugins/System.Memory.dll
  artifactKey: Guid(411c1a80f1da0478d84e799793156afb) Importer(815301076,1909f56bfc062723c751e8b465ee728b)
Start importing Assets/Plugins/System.Memory.dll using Guid(411c1a80f1da0478d84e799793156afb) Importer(815301076,1909f56bfc062723c751e8b465ee728b)  -> (artifact id: '750df9624e99fe5efcec5a81c57ce802') in 0.003736 seconds
  Import took 0.006487 seconds .

========================================================================
Received Import Request.
  Time since last request: 0.695153 seconds.
  path: Assets/Plugins/System.Buffers.dll
  artifactKey: Guid(d49b6b5d515e244c181ce32946c0f6ed) Importer(815301076,1909f56bfc062723c751e8b465ee728b)
Start importing Assets/Plugins/System.Buffers.dll using Guid(d49b6b5d515e244c181ce32946c0f6ed) Importer(815301076,1909f56bfc062723c751e8b465ee728b)  -> (artifact id: 'ae94b57429228a01199816ca24515ae3') in 0.003447 seconds
  Import took 0.006203 seconds .

========================================================================
Received Import Request.
  Time since last request: 0.589469 seconds.
  path: Assets/Plugins/librdkafka.dylib
  artifactKey: Guid(f9312bc45b6fe43999e4338404854b53) Importer(815301076,1909f56bfc062723c751e8b465ee728b)
Start importing Assets/Plugins/librdkafka.dylib using Guid(f9312bc45b6fe43999e4338404854b53) Importer(815301076,1909f56bfc062723c751e8b465ee728b)  -> (artifact id: '3ea83da1a52a5ccfc6c611d9c1391f78') in 0.232223 seconds
  Import took 0.234685 seconds .

========================================================================
Received Import Request.
  Time since last request: 0.521017 seconds.
  path: Assets/Plugins/Confluent.Kafka copy.dll
  artifactKey: Guid(2b74767da3c3c48c39d3aa6687bec699) Importer(815301076,1909f56bfc062723c751e8b465ee728b)
Start importing Assets/Plugins/Confluent.Kafka copy.dll using Guid(2b74767da3c3c48c39d3aa6687bec699) Importer(815301076,1909f56bfc062723c751e8b465ee728b)  -> (artifact id: 'c89e5e4982ce2cbfa8f5212f546767c8') in 0.001496 seconds
  Import took 0.004103 seconds .

========================================================================
Received Import Request.
  Time since last request: 7.919096 seconds.
  path: Assets/Plugins/Confluent.Kafka.dll
  artifactKey: Guid(2b74767da3c3c48c39d3aa6687bec699) Importer(815301076,1909f56bfc062723c751e8b465ee728b)
Start importing Assets/Plugins/Confluent.Kafka.dll using Guid(2b74767da3c3c48c39d3aa6687bec699) Importer(815301076,1909f56bfc062723c751e8b465ee728b)  -> (artifact id: '5e96330f1ebcf094eccadfa9dfe00ecd') in 0.001353 seconds
  Import took 0.003686 seconds .

========================================================================
Received Prepare
Registering precompiled user dll's ...
Registered in 0.000855 seconds.
Begin MonoManager ReloadAssembly
Native extension for OSXStandalone target not found
Refreshing native plugins compatible for Editor in 0.20 ms, found 2 plugins.
Preloading 0 native plugins for Editor in 0.00 ms.
Mono: successfully reloaded assembly
- Completed reload, in  0.843 seconds
Platform modules already initialized, skipping
Refreshing native plugins compatible for Editor in 0.32 ms, found 2 plugins.
Preloading 0 native plugins for Editor in 0.00 ms.
Unloading 1115 Unused Serialized files (Serialized files now loaded: 0)
System memory in use before: 134.9 MB.
System memory in use after: 135.0 MB.

Unloading 10 unused Assets to reduce memory usage. Loaded Objects now: 1569.
Total: 1.955639 ms (FindLiveObjects: 0.144002 ms CreateObjectMapping: 0.035050 ms MarkObjects: 1.725273 ms  DeleteObjects: 0.050122 ms)

========================================================================
Received Import Request.
  Time since last request: 29.210578 seconds.
  path: Assets/csc.rsp copy
  artifactKey: Guid(1f27a6d60bcb84403a1fedc3af202517) Importer(815301076,1909f56bfc062723c751e8b465ee728b)
Start importing Assets/csc.rsp copy using Guid(1f27a6d60bcb84403a1fedc3af202517) Importer(815301076,1909f56bfc062723c751e8b465ee728b)  -> (artifact id: '883e66f7819549b32b1ad798fb141184') in 0.231140 seconds
  Import took 0.233945 seconds .

========================================================================
Received Prepare
Registering precompiled user dll's ...
Registered in 0.000705 seconds.
Begin MonoManager ReloadAssembly
Native extension for OSXStandalone target not found
Refreshing native plugins compatible for Editor in 0.20 ms, found 2 plugins.
Preloading 0 native plugins for Editor in 0.00 ms.
Mono: successfully reloaded assembly
- Completed reload, in  0.852 seconds
Platform modules already initialized, skipping
Refreshing native plugins compatible for Editor in 0.18 ms, found 2 plugins.
Preloading 0 native plugins for Editor in 0.00 ms.
Unloading 1116 Unused Serialized files (Serialized files now loaded: 0)
System memory in use before: 139.4 MB.
System memory in use after: 139.5 MB.

Unloading 11 unused Assets to reduce memory usage. Loaded Objects now: 1572.
Total: 1.959967 ms (FindLiveObjects: 0.297232 ms CreateObjectMapping: 0.059146 ms MarkObjects: 1.554900 ms  DeleteObjects: 0.047309 ms)

========================================================================
Received Import Request.
  Time since last request: 112.683239 seconds.
  path: Assets/csc.rsp
  artifactKey: Guid(3b849a277344f4c41a991c9cf21d6aa7) Importer(815301076,1909f56bfc062723c751e8b465ee728b)
Start importing Assets/csc.rsp using Guid(3b849a277344f4c41a991c9cf21d6aa7) Importer(815301076,1909f56bfc062723c751e8b465ee728b)  -> (artifact id: '563124efe8864f32a85c2e875b8a12f1') in 0.156023 seconds
  Import took 0.158294 seconds .

========================================================================
Received Import Request.
  Time since last request: 171.483333 seconds.
  path: Assets/Scripts
  artifactKey: Guid(e1b596944a5954578accc8bf8f87981b) Importer(815301076,1909f56bfc062723c751e8b465ee728b)
Start importing Assets/Scripts using Guid(e1b596944a5954578accc8bf8f87981b) Importer(815301076,1909f56bfc062723c751e8b465ee728b)  -> (artifact id: '6a2e9d0f896b6eed169b92c4e2e0d25f') in 0.001349 seconds
  Import took 0.003740 seconds .

========================================================================
Received Import Request.
  Time since last request: 210.477343 seconds.
  path: Assets/Scripts/ServerConfigs.cs
  artifactKey: Guid(77110942d5a624c1f8d135992bc3c23d) Importer(815301076,1909f56bfc062723c751e8b465ee728b)
Start importing Assets/Scripts/ServerConfigs.cs using Guid(77110942d5a624c1f8d135992bc3c23d) Importer(815301076,1909f56bfc062723c751e8b465ee728b)  -> (artifact id: 'e4b287ed74f31ab25b77a1c2ff08e868') in 0.452291 seconds
  Import took 0.454737 seconds .

========================================================================
Received Prepare
Registering precompiled user dll's ...
Registered in 0.000698 seconds.
Begin MonoManager ReloadAssembly
Native extension for OSXStandalone target not found
Refreshing native plugins compatible for Editor in 0.29 ms, found 2 plugins.
Preloading 0 native plugins for Editor in 0.00 ms.
Mono: successfully reloaded assembly
- Completed reload, in  0.934 seconds
Platform modules already initialized, skipping
Refreshing native plugins compatible for Editor in 0.20 ms, found 2 plugins.
Preloading 0 native plugins for Editor in 0.00 ms.
Unloading 1117 Unused Serialized files (Serialized files now loaded: 0)
System memory in use before: 148.1 MB.
System memory in use after: 148.1 MB.

Unloading 11 unused Assets to reduce memory usage. Loaded Objects now: 1576.
Total: 1.675789 ms (FindLiveObjects: 0.179288 ms CreateObjectMapping: 0.029649 ms MarkObjects: 1.419825 ms  DeleteObjects: 0.046092 ms)

========================================================================
Received Import Request.
  Time since last request: 160.791480 seconds.
  path: Assets/Scripts/ClientConsumer.cs
  artifactKey: Guid(debcbf55babbc4a12a090754682cab7e) Importer(815301076,1909f56bfc062723c751e8b465ee728b)
Start importing Assets/Scripts/ClientConsumer.cs using Guid(debcbf55babbc4a12a090754682cab7e) Importer(815301076,1909f56bfc062723c751e8b465ee728b)  -> (artifact id: '4d9a80cddf536f2c80b19c473ee4584f') in 0.006493 seconds
  Import took 0.008636 seconds .

========================================================================
Received Prepare
Registering precompiled user dll's ...
Registered in 0.000650 seconds.
Begin MonoManager ReloadAssembly
Native extension for OSXStandalone target not found
Refreshing native plugins compatible for Editor in 0.34 ms, found 2 plugins.
Preloading 0 native plugins for Editor in 0.00 ms.
Mono: successfully reloaded assembly
- Completed reload, in  0.925 seconds
Platform modules already initialized, skipping
Refreshing native plugins compatible for Editor in 0.22 ms, found 2 plugins.
Preloading 0 native plugins for Editor in 0.00 ms.
Unloading 1118 Unused Serialized files (Serialized files now loaded: 0)
System memory in use before: 148.2 MB.
System memory in use after: 148.3 MB.

Unloading 11 unused Assets to reduce memory usage. Loaded Objects now: 1580.
Total: 1.506914 ms (FindLiveObjects: 0.141854 ms CreateObjectMapping: 0.032026 ms MarkObjects: 1.280437 ms  DeleteObjects: 0.051353 ms)

========================================================================
Received Prepare
Registering precompiled user dll's ...
Registered in 0.000866 seconds.
Begin MonoManager ReloadAssembly
Native extension for OSXStandalone target not found
Refreshing native plugins compatible for Editor in 0.20 ms, found 2 plugins.
Preloading 0 native plugins for Editor in 0.00 ms.
Mono: successfully reloaded assembly
- Completed reload, in  0.917 seconds
Platform modules already initialized, skipping
Refreshing native plugins compatible for Editor in 0.20 ms, found 2 plugins.
Preloading 0 native plugins for Editor in 0.00 ms.
Unloading 1118 Unused Serialized files (Serialized files now loaded: 0)
System memory in use before: 148.4 MB.
System memory in use after: 148.5 MB.

Unloading 11 unused Assets to reduce memory usage. Loaded Objects now: 1583.
Total: 1.612580 ms (FindLiveObjects: 0.195713 ms CreateObjectMapping: 0.044401 ms MarkObjects: 1.288111 ms  DeleteObjects: 0.083398 ms)

